configure: set prefix to... /usr/local
configure: set exec_prefix to... /usr/local
configure: set localstatedir to... /usr/local/var
configure: set runstatedir to... /usr/local/run
configure: set datarootdir to... /usr/local/share
configure: set sysconfdir to... /usr/local/etc
configure: set tmpdir to... /usr/local/tmp
configure: set bindir to... /usr/local/bin
configure: set sbindir to... /usr/local/sbin
configure: set libexecdir to... /usr/local/libexec
configure: set libdir to... /usr/local/lib
configure: set includedir to... /usr/local/include
configure: set lispdir to... /usr/local/share/emacs/site-lisp
configure: set localedir to... /usr/local/share/locale
configure: set docdir to... /usr/local/share/doc
configure: set infodir to... /usr/local/share/info
configure: set mandir to... /usr/local/share/man
configure: set target environment to... dev
configure: set target compiler to... bash.5.1.16
configure: set target compiler options to... 
configure: set target cpu architecture to... x86_64
configure: set target os to... GNU/Linux
configure: set target to... dev.x86_64.gnu_linux
